<?xml version="1.0" encoding="UTF-8"?>
<!-- Generated by org.testng.reporters.JUnitXMLReporter -->
<testsuite ignored="4" hostname="parag-PC" failures="0" tests="2" name="AlertAndAuthentication" time="54.641" errors="0" timestamp="24 Jan 2024 16:05:29 GMT">
  <testcase classname="Mislanious.AuthenticationpopupTest" name="authenticationPopupTest" time="5.384"/>
  <testcase classname="alertTest.AlertTest" name="dismissAlert" time="10.365"/>
  <testcase classname="alertTest.AlertTest" name="gettextfromAlert" time="0.0">
    <ignored/>
  </testcase> <!-- gettextfromAlert -->
  <testcase classname="alertTest.AlertTest" name="AlertTest" time="0.0">
    <ignored/>
  </testcase> <!-- AlertTest -->
  <testcase classname="alertTest.AlertTest" name="acceptAlert" time="0.0">
    <ignored/>
  </testcase> <!-- acceptAlert -->
  <testcase classname="alertTest.AlertTest" name="acceptAlert" time="0.0">
    <ignored/>
  </testcase> <!-- acceptAlert -->
</testsuite> <!-- AlertAndAuthentication -->
