<?xml version="1.0" encoding="UTF-8"?>
<!-- Generated by org.testng.reporters.JUnitXMLReporter -->
<testsuite ignored="11" hostname="parag-PC" failures="1" tests="4" name="JaavascriptExecutorAndActions" time="116.114" errors="0" timestamp="24 Jan 2024 16:06:30 GMT">
  <testcase classname="actions_Interaction_Test.ActionTest" name="DragElemetFromSurceToDestination" time="24.274"/>
  <testcase classname="javascriptExecutorTest.javascripexecutorsyntaxes" name="SignInThePage" time="34.316">
    <failure type="org.openqa.selenium.NoSuchElementException" message="no such element: Unable to locate element: {&amp;quot;method&amp;quot;:&amp;quot;xpath&amp;quot;,&amp;quot;selector&amp;quot;:&amp;quot;//a[text()=&amp;apos;Sign in&amp;apos;]&amp;quot;}
  (Session info: chrome=109.0.5414.120)
For documentation on this error, please visit: https://www.selenium.dev/documentation/webdriver/troubleshooting/errors#no-such-element-exception
Build info: version: &amp;apos;4.15.0&amp;apos;, revision: &amp;apos;1d14b5521b&amp;apos;
System info: os.name: &amp;apos;Windows 7&amp;apos;, os.arch: &amp;apos;amd64&amp;apos;, os.version: &amp;apos;6.1&amp;apos;, java.version: &amp;apos;17.0.10&amp;apos;
Driver info: org.openqa.selenium.chrome.ChromeDriver
Command: [6212095dca60521d9c56c18584b8c7fa, findElement {using=xpath, value=//a[text()=&amp;apos;Sign in&amp;apos;]}]
Capabilities {acceptInsecureCerts: false, browserName: chrome, browserVersion: 109.0.5414.120, chrome: {chromedriverVersion: 109.0.5414.74 (e7c5703604da..., userDataDir: C:\Users\parag\AppData\Loca...}, goog:chromeOptions: {debuggerAddress: localhost:62776}, networkConnectionEnabled: false, pageLoadStrategy: normal, platformName: windows, proxy: Proxy(), se:cdp: ws://localhost:62776/devtoo..., se:cdpVersion: 109.0.5414.120, setWindowRect: true, strictFileInteractability: false, timeouts: {implicit: 0, pageLoad: 300000, script: 30000}, unhandledPromptBehavior: dismiss and notify, webauthn:extension:credBlob: true, webauthn:extension:largeBlob: true, webauthn:virtualAuthenticators: true}
Session ID: 6212095dca60521d9c56c18584b8c7fa">
      <![CDATA[org.openqa.selenium.NoSuchElementException: no such element: Unable to locate element: {"method":"xpath","selector":"//a[text()='Sign in']"}
  (Session info: chrome=109.0.5414.120)
For documentation on this error, please visit: https://www.selenium.dev/documentation/webdriver/troubleshooting/errors#no-such-element-exception
Build info: version: '4.15.0', revision: '1d14b5521b'
System info: os.name: 'Windows 7', os.arch: 'amd64', os.version: '6.1', java.version: '17.0.10'
Driver info: org.openqa.selenium.chrome.ChromeDriver
Command: [6212095dca60521d9c56c18584b8c7fa, findElement {using=xpath, value=//a[text()='Sign in']}]
Capabilities {acceptInsecureCerts: false, browserName: chrome, browserVersion: 109.0.5414.120, chrome: {chromedriverVersion: 109.0.5414.74 (e7c5703604da..., userDataDir: C:\Users\parag\AppData\Loca...}, goog:chromeOptions: {debuggerAddress: localhost:62776}, networkConnectionEnabled: false, pageLoadStrategy: normal, platformName: windows, proxy: Proxy(), se:cdp: ws://localhost:62776/devtoo..., se:cdpVersion: 109.0.5414.120, setWindowRect: true, strictFileInteractability: false, timeouts: {implicit: 0, pageLoad: 300000, script: 30000}, unhandledPromptBehavior: dismiss and notify, webauthn:extension:credBlob: true, webauthn:extension:largeBlob: true, webauthn:virtualAuthenticators: true}
Session ID: 6212095dca60521d9c56c18584b8c7fa
	at org.openqa.selenium.remote.codec.w3c.W3CHttpResponseCodec.createException(W3CHttpResponseCodec.java:200)
	at org.openqa.selenium.remote.codec.w3c.W3CHttpResponseCodec.decode(W3CHttpResponseCodec.java:133)
	at org.openqa.selenium.remote.codec.w3c.W3CHttpResponseCodec.decode(W3CHttpResponseCodec.java:52)
	at org.openqa.selenium.remote.HttpCommandExecutor.execute(HttpCommandExecutor.java:191)
	at org.openqa.selenium.remote.service.DriverCommandExecutor.invokeExecute(DriverCommandExecutor.java:200)
	at org.openqa.selenium.remote.service.DriverCommandExecutor.execute(DriverCommandExecutor.java:175)
	at org.openqa.selenium.remote.RemoteWebDriver.execute(RemoteWebDriver.java:607)
	at org.openqa.selenium.remote.ElementLocation$ElementFinder$2.findElement(ElementLocation.java:165)
	at org.openqa.selenium.remote.ElementLocation.findElement(ElementLocation.java:59)
	at org.openqa.selenium.remote.RemoteWebDriver.findElement(RemoteWebDriver.java:364)
	at org.openqa.selenium.remote.RemoteWebDriver.findElement(RemoteWebDriver.java:358)
	at javascriptExecutorTest.javascripexecutorsyntaxes.SignInThePage(javascripexecutorsyntaxes.java:69)
	at java.base/java.util.concurrent.FutureTask.run(FutureTask.java:264)
	at java.base/java.util.concurrent.ThreadPoolExecutor.runWorker(ThreadPoolExecutor.java:1136)
	at java.base/java.util.concurrent.ThreadPoolExecutor$Worker.run(ThreadPoolExecutor.java:635)
	at java.base/java.lang.Thread.run(Thread.java:842)
... Removed 21 stack frames]]>
    </failure>
  </testcase> <!-- SignInThePage -->
  <testcase classname="actions_Interaction_Test.ActionTest" name="context_Or_RighClick" time="5.203"/>
  <testcase classname="actions_Interaction_Test.ActionTest" name="hoverWaitAndClick" time="0.225"/>
  <testcase classname="javascriptExecutorTest.javascripexecutorsyntaxes" name="RefeshThePage" time="0.0">
    <ignored/>
  </testcase> <!-- RefeshThePage -->
  <testcase classname="actions_Interaction_Test.ActionTest" name="TabBySendKeys" time="0.0">
    <ignored/>
  </testcase> <!-- TabBySendKeys -->
  <testcase classname="actions_Interaction_Test.ActionTest" name="doubleClick" time="0.0">
    <ignored/>
  </testcase> <!-- doubleClick -->
  <testcase classname="actions_Interaction_Test.ActionTest" name="SendTheStringInCapitalLetter" time="0.0">
    <ignored/>
  </testcase> <!-- SendTheStringInCapitalLetter -->
  <testcase classname="javascriptExecutorTest.javascripexecutorsyntaxes" name="ScrollToDown" time="0.0">
    <ignored/>
  </testcase> <!-- ScrollToDown -->
  <testcase classname="javascriptExecutorTest.javascripexecutorsyntaxes" name="ScrollToUp" time="0.0">
    <ignored/>
  </testcase> <!-- ScrollToUp -->
  <testcase classname="javascriptExecutorTest.javascripexecutorsyntaxes" name="GetTitleofPage" time="0.0">
    <ignored/>
  </testcase> <!-- GetTitleofPage -->
  <testcase classname="actions_Interaction_Test.ActionTest" name="slidetheslider" time="0.0">
    <ignored/>
  </testcase> <!-- slidetheslider -->
  <testcase classname="javascriptExecutorTest.javascripexecutorsyntaxes" name="ClickThePage" time="0.0">
    <ignored/>
  </testcase> <!-- ClickThePage -->
  <testcase classname="actions_Interaction_Test.ActionTest" name="DrangAndDropSliderTest" time="0.0">
    <ignored/>
  </testcase> <!-- DrangAndDropSliderTest -->
  <testcase classname="actions_Interaction_Test.ActionTest" name="openLinkUsingControlkey" time="0.0">
    <ignored/>
  </testcase> <!-- openLinkUsingControlkey -->
</testsuite> <!-- JaavascriptExecutorAndActions -->
