<?xml version="1.0" encoding="UTF-8"?>
<!-- Generated by org.testng.reporters.JUnitXMLReporter -->
<testsuite ignored="10" hostname="MicrosoftPB" failures="0" tests="1" name="Default test" time="48.132" errors="0" timestamp="24 Jan 2024 18:28:53 GMT">
  <testcase classname="actions_Interaction_Test.ActionTest" name="ClikOnMulitpleRasidbuttonsUsingKysDown" time="42.468"/>
  <testcase classname="actions_Interaction_Test.ActionTest" name="hoverWaitAndClick" time="0.0">
    <ignored/>
  </testcase> <!-- hoverWaitAndClick -->
  <testcase classname="actions_Interaction_Test.ActionTest" name="DragElemetFromSurceToDestination" time="0.0">
    <ignored/>
  </testcase> <!-- DragElemetFromSurceToDestination -->
  <testcase classname="actions_Interaction_Test.ActionTest" name="TabBySendKeys" time="0.0">
    <ignored/>
  </testcase> <!-- TabBySendKeys -->
  <testcase classname="actions_Interaction_Test.ActionTest" name="doubleClick" time="0.0">
    <ignored/>
  </testcase> <!-- doubleClick -->
  <testcase classname="actions_Interaction_Test.ActionTest" name="SendTheStringInCapitalLetter" time="0.0">
    <ignored/>
  </testcase> <!-- SendTheStringInCapitalLetter -->
  <testcase classname="actions_Interaction_Test.ActionTest" name="SendTheStringInCapitalLetterExisting" time="0.0">
    <ignored/>
  </testcase> <!-- SendTheStringInCapitalLetterExisting -->
  <testcase classname="actions_Interaction_Test.ActionTest" name="context_Or_RighClick" time="0.0">
    <ignored/>
  </testcase> <!-- context_Or_RighClick -->
  <testcase classname="actions_Interaction_Test.ActionTest" name="slidetheslider" time="0.0">
    <ignored/>
  </testcase> <!-- slidetheslider -->
  <testcase classname="actions_Interaction_Test.ActionTest" name="DrangAndDropSliderTest" time="0.0">
    <ignored/>
  </testcase> <!-- DrangAndDropSliderTest -->
  <testcase classname="actions_Interaction_Test.ActionTest" name="openLinkUsingControlkey" time="0.0">
    <ignored/>
  </testcase> <!-- openLinkUsingControlkey -->
</testsuite> <!-- Default test -->
