<?xml version="1.0" encoding="UTF-8"?>
<!-- Generated by org.testng.reporters.JUnitXMLReporter -->
<testsuite ignored="9" hostname="MicrosoftPB" failures="0" tests="1" name="Default test" time="75.273" errors="0" timestamp="26 Jan 2024 18:07:52 GMT">
  <testcase classname="javascriptExecutorTest.javascripexecutorsyntaxes" name="ScrollToTop" time="10.44"/>
  <testcase classname="javascriptExecutorTest.javascripexecutorsyntaxes" name="getURLUsingJsExecutor" time="0.0">
    <ignored/>
  </testcase> <!-- getURLUsingJsExecutor -->
  <testcase classname="javascriptExecutorTest.javascripexecutorsyntaxes" name="getTextOfAnElement" time="0.0">
    <ignored/>
  </testcase> <!-- getTextOfAnElement -->
  <testcase classname="javascriptExecutorTest.javascripexecutorsyntaxes" name="RefeshThePage" time="0.0">
    <ignored/>
  </testcase> <!-- RefeshThePage -->
  <testcase classname="javascriptExecutorTest.javascripexecutorsyntaxes" name="BackgroundcolorSecondtext" time="0.0">
    <ignored/>
  </testcase> <!-- BackgroundcolorSecondtext -->
  <testcase classname="javascriptExecutorTest.javascripexecutorsyntaxes" name="ScrollBottomAndTop" time="0.0">
    <ignored/>
  </testcase> <!-- ScrollBottomAndTop -->
  <testcase classname="javascriptExecutorTest.javascripexecutorsyntaxes" name="SignInThePage" time="0.0">
    <ignored/>
  </testcase> <!-- SignInThePage -->
  <testcase classname="javascriptExecutorTest.javascripexecutorsyntaxes" name="ScrollToUp" time="0.0">
    <ignored/>
  </testcase> <!-- ScrollToUp -->
  <testcase classname="javascriptExecutorTest.javascripexecutorsyntaxes" name="GetTitleofPage" time="0.0">
    <ignored/>
  </testcase> <!-- GetTitleofPage -->
  <testcase classname="javascriptExecutorTest.javascripexecutorsyntaxes" name="ClickThePage" time="0.0">
    <ignored/>
  </testcase> <!-- ClickThePage -->
</testsuite> <!-- Default test -->
